<?xml version="1.0" encoding="UTF-8"?>
<!-- Generated by org.testng.reporters.JUnitReportReporter -->
<testsuite hostname="DESKTOP-3OSFOEK" failures="0" tests="3" name="newfolder.testng3" time="0.024" errors="0" timestamp="2023-12-11T16:07:54 IST" skipped="1">
  <testcase classname="newfolder.testng3" name="ad" time="0.018"/>
  <system-out/>
  <testcase classname="newfolder.testng3" name="add" time="0.006"/>
  <system-out/>
  <testcase classname="newfolder.testng3" name="ak">
    <skipped/>
  </testcase> <!-- ak -->
  <system-out/>
</testsuite> <!-- newfolder.testng3 -->
