<?xml version="1.0" encoding="UTF-8"?>
<!-- Generated by org.testng.reporters.JUnitReportReporter -->
<testsuite hostname="DESKTOP-3OSFOEK" failures="0" tests="4" name="Selenium.testng2" time="0.018" errors="0" timestamp="2023-12-11T16:08:20 IST" skipped="1">
  <testcase classname="Selenium.testng2" name="b" time="0.011"/>
  <system-out/>
  <testcase classname="Selenium.testng2" name="d" time="0.004"/>
  <system-out/>
  <testcase classname="Selenium.testng2" name="a" time="0.003"/>
  <system-out/>
  <testcase classname="Selenium.testng2" name="c">
    <skipped/>
  </testcase> <!-- c -->
  <system-out/>
</testsuite> <!-- Selenium.testng2 -->
