<?xml version="1.0" encoding="UTF-8"?>
<!-- Generated by org.testng.reporters.JUnitReportReporter -->
<testsuite hostname="DESKTOP-3OSFOEK" failures="0" tests="2" name="Selenium.testNG1" time="0.014" errors="0" timestamp="2023-02-27T22:28:04 IST" skipped="0">
  <testcase classname="Selenium.testNG1" name="b" time="0.004"/>
  <system-out/>
  <testcase classname="Selenium.testNG1" name="a" time="0.010"/>
  <system-out/>
</testsuite> <!-- Selenium.testNG1 -->
