<?xml version="1.0" encoding="UTF-8"?>
<!-- Generated by org.testng.reporters.JUnitReportReporter -->
<testsuite hostname="DESKTOP-3OSFOEK" failures="0" tests="2" name="Selenium.testng" time="0.022" errors="0" timestamp="2023-02-27T22:28:04 IST" skipped="0">
  <testcase classname="Selenium.testng" name="a" time="0.007"/>
  <system-out/>
  <testcase classname="Selenium.testng" name="h" time="0.015"/>
  <system-out/>
</testsuite> <!-- Selenium.testng -->
